\BOOKMARK [1][-]{section.0.1}{Introduction}{}% 1
\BOOKMARK [1][-]{section.0.2}{Self-Suspending Sporadic Real-Time Task Models}{}% 2
\BOOKMARK [2][-]{subsection.0.2.1}{Examples of Dynamic Self-Suspension Model}{section.0.2}% 3
\BOOKMARK [2][-]{subsection.0.2.2}{Examples of Segmented Self-Suspension Model}{section.0.2}% 4
\BOOKMARK [1][-]{section.0.3}{General Design and Analysis Strategies in Uniprocessor Platforms}{}% 5
\BOOKMARK [1][-]{section.0.4}{Misconceptions in Some Existing Results}{}% 6
\BOOKMARK [2][-]{subsection.0.4.1}{Incorrect Assumptions in Critical Instant Theorem with Synchronous Releases}{section.0.4}% 7
\BOOKMARK [2][-]{subsection.0.4.2}{Incorrect Quantifications of Additional Interferences due to Carry-In Jobs}{section.0.4}% 8
\BOOKMARK [2][-]{subsection.0.4.3}{Incorrect Quantifications of Jitter}{section.0.4}% 9
\BOOKMARK [2][-]{subsection.0.4.4}{Incorrect Periodic Execution Enforcement}{section.0.4}% 10
\BOOKMARK [1][-]{section.0.5}{Self-Suspending Tasks in Multiprocessor Synchronizations}{}% 11
\BOOKMARK [2][-]{subsection.0.5.1}{Existing analysis strategies}{section.0.5}% 12
\BOOKMARK [2][-]{subsection.0.5.2}{A counterexample}{section.0.5}% 13
\BOOKMARK [2][-]{subsection.0.5.3}{Incorrect Time Request Analysis With Global Resource Sharing}{section.0.5}% 14
\BOOKMARK [2][-]{subsection.0.5.4}{A Safe Response Time Bound}{section.0.5}% 15
\BOOKMARK [1][-]{section.0.6}{Hardness Review of Self-Suspending Task Models}{}% 16
\BOOKMARK [2][-]{subsection.0.6.1}{Hardness for Scheduling Segmented Self-Suspending Tasks}{section.0.6}% 17
\BOOKMARK [2][-]{subsection.0.6.2}{Hardness for Scheduling Dynamic Self-Suspending Tasks}{section.0.6}% 18
\BOOKMARK [2][-]{subsection.0.6.3}{Hardness for Schedulability Tests for Segmented Self-Suspension}{section.0.6}% 19
\BOOKMARK [2][-]{subsection.0.6.4}{Hardness for Schedulability Tests for Dynamic Self-Suspension}{section.0.6}% 20
\BOOKMARK [1][-]{section.0.7}{Rule of Thumb to Handle Self-Suspending Task Systems}{}% 21
\BOOKMARK [1][-]{section.0.8}{Short Summary of the Errors and Mistakes in the State of the Art}{}% 22
