\BOOKMARK [0][-]{chapter.1}{Many Suspensions, Many Problems: A Review of Self-Suspending Tasks in Real-Time Systems}{}% 1
\BOOKMARK [1][-]{section.1.1}{Introduction}{chapter.1}% 2
\BOOKMARK [1][-]{section.1.2}{Self-Suspending Sporadic Real-Time Task Models}{chapter.1}% 3
\BOOKMARK [2][-]{subsection.1.2.1}{Examples of Dynamic Self-Suspension Model}{section.1.2}% 4
\BOOKMARK [2][-]{subsection.1.2.2}{Examples of Segmented Self-Suspension Model}{section.1.2}% 5
\BOOKMARK [1][-]{section.1.3}{General Design and Analysis Strategies in Uniprocessor Platforms}{chapter.1}% 6
\BOOKMARK [1][-]{section.1.4}{Misconceptions in Some Existing Results}{chapter.1}% 7
\BOOKMARK [2][-]{subsection.1.4.1}{Incorrect Assumptions in Critical Instant Theorem with Synchronous Releases}{section.1.4}% 8
\BOOKMARK [3][-]{figure.caption.6}{A Counter-Example to the Synchronous Release}{subsection.1.4.1}% 9
\BOOKMARK [2][-]{subsection.1.4.2}{Incorrect Quantifications of Additional Interferences due to Carry-In Jobs}{section.1.4}% 10
\BOOKMARK [2][-]{subsection.1.4.3}{Incorrect Quantifications of Jitter}{section.1.4}% 11
\BOOKMARK [2][-]{subsection.1.4.4}{Incorrect Periodic Execution Enforcement}{section.1.4}% 12
\BOOKMARK [1][-]{section.1.5}{Self-Suspending Tasks in Multiprocessor Synchronizations}{chapter.1}% 13
\BOOKMARK [2][-]{subsection.1.5.1}{Existing analysis strategies}{section.1.5}% 14
\BOOKMARK [2][-]{subsection.1.5.2}{A counterexample}{section.1.5}% 15
\BOOKMARK [2][-]{subsection.1.5.3}{Incorrect Time Request Analysis With Global Resource Sharing}{section.1.5}% 16
\BOOKMARK [2][-]{subsection.1.5.4}{A Safe Response Time Bound}{section.1.5}% 17
\BOOKMARK [1][-]{section.1.6}{Hardness Review of Self-Suspending Task Models}{chapter.1}% 18
\BOOKMARK [2][-]{subsection.1.6.1}{Hardness for Scheduling Segmented Self-Suspending Tasks}{section.1.6}% 19
\BOOKMARK [2][-]{subsection.1.6.2}{Hardness for Scheduling Dynamic Self-Suspending Tasks}{section.1.6}% 20
\BOOKMARK [2][-]{subsection.1.6.3}{Hardness for Schedulability Tests for Segmented Self-Suspension}{section.1.6}% 21
\BOOKMARK [2][-]{subsection.1.6.4}{Hardness for Schedulability Tests for Dynamic Self-Suspension}{section.1.6}% 22
\BOOKMARK [1][-]{section.1.7}{Rule of Thumb to Handle Self-Suspending Task Systems}{chapter.1}% 23
\BOOKMARK [1][-]{section.1.8}{Short Summary of the Errors and Mistakes in the State of the Art}{chapter.1}% 24
